[2022.04.08 04:53]: SUCCESS - Processed products from 300 to 350. New: 0 | Updated: 50
[2022.04.08 04:51]: SUCCESS - Processed products from 250 to 300. New: 0 | Updated: 50
[2022.04.08 04:50]: SUCCESS - Processed products from 200 to 250. New: 0 | Updated: 50
[2022.04.08 04:50]: SUCCESS - Processed products from 150 to 200. New: 0 | Updated: 50
[2022.04.08 04:49]: SUCCESS - Processed products from 100 to 150. New: 0 | Updated: 50
[2022.04.08 04:49]: SUCCESS - Processed products from 50 to 100. New: 0 | Updated: 50
[2022.04.08 04:49]: SUCCESS - Processed products from 0 to 50. New: 0 | Updated: 50
[2022.04.08 03:28]: SUCCESS - XML File Downloaded
[2022.04.08 03:28]: SUCCESS - Processed products from 1370 to 1370. New: 0 | Updated: 0
[2022.04.07 22:09]: SUCCESS - Processed products from 1370 to 1370. New: 0 | Updated: 0
[2022.04.07 22:08]: SUCCESS - Processed products from 1370 to 1370. New: 0 | Updated: 0
[2022.04.07 22:08]: SUCCESS - Processed products from 1350 to 1370. New: 0 | Updated: 20
[2022.04.07 22:08]: SUCCESS - Processed products from 1300 to 1350. New: 0 | Updated: 50
[2022.04.07 22:08]: SUCCESS - Processed products from 1250 to 1300. New: 0 | Updated: 50
[2022.04.07 22:07]: SUCCESS - Processed products from 1200 to 1250. New: 0 | Updated: 50
[2022.04.07 22:06]: SUCCESS - Processed products from 1150 to 1200. New: 0 | Updated: 50
[2022.04.07 22:06]: SUCCESS - Processed products from 1100 to 1150. New: 0 | Updated: 50
[2022.04.07 22:05]: SUCCESS - Processed products from 1050 to 1100. New: 0 | Updated: 50
[2022.04.07 22:05]: SUCCESS - Processed products from 1000 to 1050. New: 0 | Updated: 50
[2022.04.07 22:05]: SUCCESS - Processed products from 950 to 1000. New: 0 | Updated: 50
[2022.04.07 22:04]: SUCCESS - Processed products from 900 to 950. New: 0 | Updated: 50
[2022.04.07 22:04]: SUCCESS - Processed products from 850 to 900. New: 0 | Updated: 50
[2022.04.07 22:03]: SUCCESS - Processed products from 800 to 850. New: 0 | Updated: 50
[2022.04.07 22:03]: SUCCESS - Processed products from 750 to 800. New: 0 | Updated: 50
[2022.04.07 22:02]: SUCCESS - Processed products from 700 to 750. New: 0 | Updated: 50
[2022.04.07 22:02]: SUCCESS - Processed products from 650 to 700. New: 0 | Updated: 50
[2022.04.07 22:02]: SUCCESS - Processed products from 600 to 650. New: 0 | Updated: 50
[2022.04.07 22:02]: SUCCESS - Processed products from 550 to 600. New: 0 | Updated: 50
[2022.04.07 22:02]: SUCCESS - Processed products from 500 to 550. New: 0 | Updated: 50
[2022.04.07 22:01]: SUCCESS - Processed products from 450 to 500. New: 0 | Updated: 50
[2022.04.07 22:01]: INFO - 450 - 500
[2022.04.07 22:01]: INFO - {"file_version":"29","status":"pending","offset":450}
[2022.04.07 22:01]: SUCCESS - Processed products from 400 to 450. New: 0 | Updated: 50
[2022.04.07 22:01]: INFO - 400 - 450
[2022.04.07 22:01]: INFO - {"file_version":"29","status":"pending","offset":400}
[2022.04.07 22:01]: SUCCESS - Processed products from 350 to 400. New: 50 | Updated: 0
[2022.04.07 22:01]: INFO - 350 - 400
[2022.04.07 22:01]: INFO - {"file_version":"29","status":"pending","offset":350}
[2022.04.07 22:01]: SUCCESS - Processed products from 300 to 350. New: 50 | Updated: 0
[2022.04.07 22:01]: INFO - 300 - 350
[2022.04.07 22:01]: INFO - {"file_version":"29","status":"pending","offset":300}
[2022.04.07 22:00]: SUCCESS - Processed products from 250 to 550. New: 50 | Updated: 0
[2022.04.07 22:00]: INFO - 250 - 300
[2022.04.07 22:00]: INFO - {"file_version":"29","status":"pending","offset":250}
[2022.04.07 22:00]: SUCCESS - Processed products from 200 to 450. New: 50 | Updated: 0
[2022.04.07 22:00]: INFO - 200 - 250
[2022.04.07 22:00]: INFO - {"file_version":"29","status":"pending","offset":200}
[2022.04.07 22:00]: SUCCESS - Processed products from 150 to 350. New: 50 | Updated: 0
[2022.04.07 22:00]: INFO - 150 - 200
[2022.04.07 22:00]: INFO - {"file_version":"29","status":"pending","offset":150}
[2022.04.07 21:59]: SUCCESS - Processed products from 100 to 250. New: 50 | Updated: 0
[2022.04.07 21:59]: INFO - 100 - 150
[2022.04.07 21:59]: INFO - {"file_version":"29","status":"pending","offset":100}
[2022.04.07 21:59]: SUCCESS - Processed products from 50 to 150. New: 50 | Updated: 0
[2022.04.07 21:59]: INFO - 50 - 100
[2022.04.07 21:59]: INFO - {"file_version":"29","status":"pending","offset":50}
[2022.04.07 21:59]: SUCCESS - Processed products from 0 to 50. New: 50 | Updated: 0
[2022.04.07 21:59]: INFO - 0 - 50
[2022.04.07 21:59]: INFO - []
[2022.04.07 21:59]: SUCCESS - Processed products from 1370 to 2740. New: 0 | Updated: 0
[2022.04.07 21:59]: INFO - 1370 - 1370
[2022.04.07 21:59]: INFO - {"status":"success","offset":1370,"file_version":"29"}
[2022.04.07 21:59]: SUCCESS - Processed products from 1370 to 2740. New: 0 | Updated: 0
[2022.04.07 21:59]: INFO - 1370 - 1370
[2022.04.07 21:59]: INFO - {"status":"success","offset":1370,"file_version":"29"}
[2022.04.07 21:58]: SUCCESS - Processed products from 1370 to 2740. New: 0 | Updated: 0
[2022.04.07 21:58]: INFO - 1370 - 1370
[2022.04.07 21:58]: INFO - {"status":"success","offset":1370,"file_version":"29"}
[2022.04.07 21:57]: SUCCESS - Processed products from 1370 to 2740. New: 0 | Updated: 0
[2022.04.07 21:57]: INFO - 1370 - 1370
[2022.04.07 21:57]: INFO - {"status":"success","offset":1370,"file_version":"29"}
[2022.04.07 21:57]: SUCCESS - Processed products from 1370 to 2740. New: 0 | Updated: 0
[2022.04.07 21:57]: INFO - 1370 - 1370
[2022.04.07 21:57]: INFO - {"status":"success","offset":1370,"file_version":"29"}
[2022.04.07 21:56]: SUCCESS - Processed products from 1370 to 2740. New: 0 | Updated: 0
[2022.04.07 21:56]: INFO - 1370 - 1370
[2022.04.07 21:56]: INFO - {"status":"success","offset":1370,"file_version":"29"}
[2022.04.07 21:55]: SUCCESS - Processed products from 1370 to 2740. New: 0 | Updated: 0
[2022.04.07 21:55]: INFO - 1370 - 1370
[2022.04.07 21:55]: INFO - {"status":"success","offset":1370,"file_version":"29"}
[2022.04.07 21:54]: SUCCESS - Processed products from 1370 to 2740. New: 0 | Updated: 0
[2022.04.07 21:54]: INFO - 1370 - 1370
[2022.04.07 21:54]: INFO - {"status":"success","offset":1370,"file_version":"29"}
[2022.04.07 21:53]: SUCCESS - Processed products from 1370 to 2740. New: 0 | Updated: 0
[2022.04.07 21:53]: INFO - 1370 - 1370
[2022.04.07 21:53]: INFO - {"status":"success","offset":1370,"file_version":"29"}
[2022.04.07 21:53]: SUCCESS - Processed products from 1370 to 2740. New: 0 | Updated: 0
[2022.04.07 21:53]: INFO - 1370 - 1370
[2022.04.07 21:53]: INFO - {"status":"success","offset":1370,"file_version":"29"}
[2022.04.07 21:53]: SUCCESS - Processed products from 1370 to 2740. New: 0 | Updated: 0
[2022.04.07 21:53]: INFO - 1370 - 1370
[2022.04.07 21:53]: INFO - {"status":"success","offset":1370,"file_version":"29"}
[2022.04.07 21:51]: SUCCESS - Processed products from 1370 to 2740. New: 0 | Updated: 0
[2022.04.07 21:51]: INFO - 1370 - 1370
[2022.04.07 21:51]: INFO - {"status":"success","offset":1370,"file_version":"29"}
[2022.04.07 21:51]: SUCCESS - Processed products from 1370 to 2740. New: 0 | Updated: 0
[2022.04.07 21:51]: INFO - 1370 - 1370
[2022.04.07 21:51]: INFO - {"status":"success","offset":1370,"file_version":"29"}[2022.04.08 04:49]: SUCCESS - Processed products from 0 to 50. New: 0 | Updated: 50
[2022.04.08 04:49]: SUCCESS - XML File Downloaded
[2022.04.08 05:28]: SUCCESS - Processed products from 0 to 50. New: 0 | Updated: 50
[2022.04.08 05:30]: SUCCESS - Processed products from 50 to 100. New: 0 | Updated: 50
[2022.04.08 05:33]: SUCCESS - Processed products from 100 to 150. New: 0 | Updated: 50
[2022.04.08 05:35]: SUCCESS - Processed products from 150 to 200. New: 0 | Updated: 50
[2022.04.08 05:37]: SUCCESS - Processed products from 200 to 250. New: 0 | Updated: 50
[2022.04.08 05:40]: SUCCESS - Processed products from 250 to 300. New: 0 | Updated: 50
[2022.04.08 05:42]: SUCCESS - Processed products from 300 to 350. New: 0 | Updated: 50
[2022.04.08 05:44]: SUCCESS - Processed products from 350 to 400. New: 0 | Updated: 50
[2022.04.08 05:46]: SUCCESS - Processed products from 400 to 450. New: 0 | Updated: 50
[2022.04.08 05:47]: SUCCESS - Processed products from 450 to 500. New: 0 | Updated: 50
[2022.04.08 05:50]: SUCCESS - Processed products from 500 to 550. New: 0 | Updated: 50
[2022.04.08 05:52]: SUCCESS - Processed products from 550 to 600. New: 0 | Updated: 50
[2022.04.08 05:54]: SUCCESS - Processed products from 600 to 650. New: 0 | Updated: 50
[2022.04.08 05:56]: SUCCESS - Processed products from 650 to 700. New: 0 | Updated: 50
[2022.04.08 05:58]: SUCCESS - Processed products from 700 to 750. New: 0 | Updated: 50
[2022.04.08 05:59]: SUCCESS - Processed products from 750 to 800. New: 0 | Updated: 50
[2022.04.08 06:01]: SUCCESS - Processed products from 800 to 850. New: 0 | Updated: 50
[2022.04.08 06:03]: SUCCESS - Processed products from 850 to 900. New: 0 | Updated: 50
[2022.04.08 06:04]: SUCCESS - Processed products from 900 to 950. New: 0 | Updated: 50
[2022.04.08 06:08]: SUCCESS - Processed products from 950 to 1000. New: 0 | Updated: 50
[2022.04.08 06:10]: SUCCESS - Processed products from 1000 to 1050. New: 0 | Updated: 50
[2022.04.08 06:10]: SUCCESS - Processed products from 1050 to 1100. New: 0 | Updated: 50
[2022.04.08 06:12]: SUCCESS - Processed products from 1100 to 1150. New: 0 | Updated: 50
